c:\programing\matrice200-project\dronecode\parkingdrone\car_detector\build\darknet\x64\nogpu_debug\vc141.pdb
c:\programing\matrice200-project\dronecode\parkingdrone\car_detector\build\darknet\x64\nogpu_debug\vc141.idb
c:\programing\matrice200-project\dronecode\parkingdrone\car_detector\build\darknet\x64\nogpu_debug\cuda.obj
c:\programing\matrice200-project\dronecode\parkingdrone\car_detector\build\darknet\x64\nogpu_debug\crop_layer.obj
c:\programing\matrice200-project\dronecode\parkingdrone\car_detector\build\darknet\x64\nogpu_debug\crnn_layer.obj
c:\programing\matrice200-project\dronecode\parkingdrone\car_detector\build\darknet\x64\nogpu_debug\cpu_gemm.obj
c:\programing\matrice200-project\dronecode\parkingdrone\car_detector\build\darknet\x64\nogpu_debug\cost_layer.obj
c:\programing\matrice200-project\dronecode\parkingdrone\car_detector\build\darknet\x64\nogpu_debug\convolutional_layer.obj
c:\programing\matrice200-project\dronecode\parkingdrone\car_detector\build\darknet\x64\nogpu_debug\connected_layer.obj
c:\programing\matrice200-project\dronecode\parkingdrone\car_detector\build\darknet\x64\nogpu_debug\compare.obj
c:\programing\matrice200-project\dronecode\parkingdrone\car_detector\build\darknet\x64\nogpu_debug\col2im.obj
c:\programing\matrice200-project\dronecode\parkingdrone\car_detector\build\darknet\x64\nogpu_debug\coco.obj
c:\programing\matrice200-project\dronecode\parkingdrone\car_detector\build\darknet\x64\nogpu_debug\classifier.obj
c:\programing\matrice200-project\dronecode\parkingdrone\car_detector\build\darknet\x64\nogpu_debug\cifar.obj
c:\programing\matrice200-project\dronecode\parkingdrone\car_detector\build\darknet\x64\nogpu_debug\captcha.obj
c:\programing\matrice200-project\dronecode\parkingdrone\car_detector\build\darknet\x64\nogpu_debug\box.obj
c:\programing\matrice200-project\dronecode\parkingdrone\car_detector\build\darknet\x64\nogpu_debug\blas.obj
c:\programing\matrice200-project\dronecode\parkingdrone\car_detector\build\darknet\x64\nogpu_debug\batchnorm_layer.obj
c:\programing\matrice200-project\dronecode\parkingdrone\car_detector\build\darknet\x64\nogpu_debug\avgpool_layer.obj
c:\programing\matrice200-project\dronecode\parkingdrone\car_detector\build\darknet\x64\nogpu_debug\art.obj
c:\programing\matrice200-project\dronecode\parkingdrone\car_detector\build\darknet\x64\nogpu_debug\activation_layer.obj
c:\programing\matrice200-project\dronecode\parkingdrone\car_detector\build\darknet\x64\nogpu_debug\activations.obj
c:\programing\matrice200-project\dronecode\parkingdrone\car_detector\build\darknet\x64\nogpu_debug\matrix.obj
c:\programing\matrice200-project\dronecode\parkingdrone\car_detector\build\darknet\x64\nogpu_debug\lstm_layer.obj
c:\programing\matrice200-project\dronecode\parkingdrone\car_detector\build\darknet\x64\nogpu_debug\local_layer.obj
c:\programing\matrice200-project\dronecode\parkingdrone\car_detector\build\darknet\x64\nogpu_debug\list.obj
c:\programing\matrice200-project\dronecode\parkingdrone\car_detector\build\darknet\x64\nogpu_debug\layer.obj
c:\programing\matrice200-project\dronecode\parkingdrone\car_detector\build\darknet\x64\nogpu_debug\image.obj
c:\programing\matrice200-project\dronecode\parkingdrone\car_detector\build\darknet\x64\nogpu_debug\im2col.obj
c:\programing\matrice200-project\dronecode\parkingdrone\car_detector\build\darknet\x64\nogpu_debug\gru_layer.obj
c:\programing\matrice200-project\dronecode\parkingdrone\car_detector\build\darknet\x64\nogpu_debug\go.obj
c:\programing\matrice200-project\dronecode\parkingdrone\car_detector\build\darknet\x64\nogpu_debug\gettimeofday.obj
c:\programing\matrice200-project\dronecode\parkingdrone\car_detector\build\darknet\x64\nogpu_debug\getopt.obj
c:\programing\matrice200-project\dronecode\parkingdrone\car_detector\build\darknet\x64\nogpu_debug\gemm.obj
c:\programing\matrice200-project\dronecode\parkingdrone\car_detector\build\darknet\x64\nogpu_debug\dropout_layer.obj
c:\programing\matrice200-project\dronecode\parkingdrone\car_detector\build\darknet\x64\nogpu_debug\dice.obj
c:\programing\matrice200-project\dronecode\parkingdrone\car_detector\build\darknet\x64\nogpu_debug\detector.obj
c:\programing\matrice200-project\dronecode\parkingdrone\car_detector\build\darknet\x64\nogpu_debug\detection_layer.obj
c:\programing\matrice200-project\dronecode\parkingdrone\car_detector\build\darknet\x64\nogpu_debug\demo.obj
c:\programing\matrice200-project\dronecode\parkingdrone\car_detector\build\darknet\x64\nogpu_debug\deconvolutional_layer.obj
c:\programing\matrice200-project\dronecode\parkingdrone\car_detector\build\darknet\x64\nogpu_debug\data.obj
c:\programing\matrice200-project\dronecode\parkingdrone\car_detector\build\darknet\x64\nogpu_debug\darknet.obj
c:\programing\matrice200-project\dronecode\parkingdrone\car_detector\build\darknet\x64\nogpu_debug\upsample_layer.obj
c:\programing\matrice200-project\dronecode\parkingdrone\car_detector\build\darknet\x64\nogpu_debug\tree.obj
c:\programing\matrice200-project\dronecode\parkingdrone\car_detector\build\darknet\x64\nogpu_debug\tag.obj
c:\programing\matrice200-project\dronecode\parkingdrone\car_detector\build\darknet\x64\nogpu_debug\swag.obj
c:\programing\matrice200-project\dronecode\parkingdrone\car_detector\build\darknet\x64\nogpu_debug\super.obj
c:\programing\matrice200-project\dronecode\parkingdrone\car_detector\build\darknet\x64\nogpu_debug\softmax_layer.obj
c:\programing\matrice200-project\dronecode\parkingdrone\car_detector\build\darknet\x64\nogpu_debug\shortcut_layer.obj
c:\programing\matrice200-project\dronecode\parkingdrone\car_detector\build\darknet\x64\nogpu_debug\route_layer.obj
c:\programing\matrice200-project\dronecode\parkingdrone\car_detector\build\darknet\x64\nogpu_debug\rnn_vid.obj
c:\programing\matrice200-project\dronecode\parkingdrone\car_detector\build\darknet\x64\nogpu_debug\rnn_layer.obj
c:\programing\matrice200-project\dronecode\parkingdrone\car_detector\build\darknet\x64\nogpu_debug\rnn.obj
c:\programing\matrice200-project\dronecode\parkingdrone\car_detector\build\darknet\x64\nogpu_debug\reorg_old_layer.obj
c:\programing\matrice200-project\dronecode\parkingdrone\car_detector\build\darknet\x64\nogpu_debug\reorg_layer.obj
c:\programing\matrice200-project\dronecode\parkingdrone\car_detector\build\darknet\x64\nogpu_debug\region_layer.obj
c:\programing\matrice200-project\dronecode\parkingdrone\car_detector\build\darknet\x64\nogpu_debug\parser.obj
c:\programing\matrice200-project\dronecode\parkingdrone\car_detector\build\darknet\x64\nogpu_debug\option_list.obj
c:\programing\matrice200-project\dronecode\parkingdrone\car_detector\build\darknet\x64\nogpu_debug\normalization_layer.obj
c:\programing\matrice200-project\dronecode\parkingdrone\car_detector\build\darknet\x64\nogpu_debug\nightmare.obj
c:\programing\matrice200-project\dronecode\parkingdrone\car_detector\build\darknet\x64\nogpu_debug\network.obj
c:\programing\matrice200-project\dronecode\parkingdrone\car_detector\build\darknet\x64\nogpu_debug\maxpool_layer.obj
c:\programing\matrice200-project\dronecode\parkingdrone\car_detector\build\darknet\x64\nogpu_debug\yolo_layer.obj
c:\programing\matrice200-project\dronecode\parkingdrone\car_detector\build\darknet\x64\nogpu_debug\yolo.obj
c:\programing\matrice200-project\dronecode\parkingdrone\car_detector\build\darknet\x64\nogpu_debug\writing.obj
c:\programing\matrice200-project\dronecode\parkingdrone\car_detector\build\darknet\x64\nogpu_debug\voxel.obj
c:\programing\matrice200-project\dronecode\parkingdrone\car_detector\build\darknet\x64\nogpu_debug\utils.obj
c:\programing\matrice200-project\dronecode\parkingdrone\car_detector\build\darknet\x64\nogpu_debug\http_stream.obj
c:\programing\matrice200-project\dronecode\parkingdrone\car_detector\build\darknet\x64\darknet_no_gpu.ilk
c:\programing\matrice200-project\dronecode\parkingdrone\car_detector\build\darknet\x64\darknet_no_gpu.exe
c:\programing\matrice200-project\dronecode\parkingdrone\car_detector\build\darknet\x64\darknet_no_gpu.pdb
c:\programing\matrice200-project\dronecode\parkingdrone\car_detector\build\darknet\x64\nogpu_debug\darknet_no_gpu.tlog\cl.command.1.tlog
c:\programing\matrice200-project\dronecode\parkingdrone\car_detector\build\darknet\x64\nogpu_debug\darknet_no_gpu.tlog\cl.read.1.tlog
c:\programing\matrice200-project\dronecode\parkingdrone\car_detector\build\darknet\x64\nogpu_debug\darknet_no_gpu.tlog\cl.write.1.tlog
c:\programing\matrice200-project\dronecode\parkingdrone\car_detector\build\darknet\x64\nogpu_debug\darknet_no_gpu.tlog\link.command.1.tlog
c:\programing\matrice200-project\dronecode\parkingdrone\car_detector\build\darknet\x64\nogpu_debug\darknet_no_gpu.tlog\link.read.1.tlog
c:\programing\matrice200-project\dronecode\parkingdrone\car_detector\build\darknet\x64\nogpu_debug\darknet_no_gpu.tlog\link.write.1.tlog
